build/app/intermediates/manifest_merge_blame_file/release/manifest-merger-blame-release-report.txt
1<?xml version="1.0" encoding="utf-8"?>
2<manifest xmlns:android="http://schemas.android.com/apk/res/android"
3    package="com.example.tapps"
4    android:versionCode="1"
5    android:versionName="1.0.0" >
6
7    <uses-sdk
8        android:minSdkVersion="21"
9        android:targetSdkVersion="34" />
10
11    <uses-permission android:name="android.permission.INTERNET" />
11-->src/main/AndroidManifest.xml:2:5-66
11-->src/main/AndroidManifest.xml:2:22-64
12    <uses-permission android:name="android.permission.ACCESS_FINE_LOCATION" />
12-->src/main/AndroidManifest.xml:3:5-79
12-->src/main/AndroidManifest.xml:3:22-76
13    <uses-permission android:name="android.permission.ACCESS_COARSE_LOCATION" />
13-->src/main/AndroidManifest.xml:4:5-81
13-->src/main/AndroidManifest.xml:4:22-78
14    <uses-permission android:name="android.permission.FOREGROUND_SERVICE" />
14-->src/main/AndroidManifest.xml:5:5-77
14-->src/main/AndroidManifest.xml:5:22-74
15    <uses-permission android:name="android.permission.ACCESS_BACKGROUND_LOCATION" />
15-->src/main/AndroidManifest.xml:6:5-84
15-->src/main/AndroidManifest.xml:6:22-82
16    <!--
17         Required to query activities that can process text, see:
18         https://developer.android.com/training/package-visibility and
19         https://developer.android.com/reference/android/content/Intent#ACTION_PROCESS_TEXT.
20
21         In particular, this is used by the Flutter engine in io.flutter.plugin.text.ProcessTextPlugin.
22    -->
23    <queries>
23-->src/main/AndroidManifest.xml:44:5-49:15
24        <intent>
24-->src/main/AndroidManifest.xml:45:9-48:18
25            <action android:name="android.intent.action.PROCESS_TEXT" />
25-->src/main/AndroidManifest.xml:46:13-72
25-->src/main/AndroidManifest.xml:46:21-70
26
27            <data android:mimeType="text/plain" />
27-->src/main/AndroidManifest.xml:47:13-50
27-->src/main/AndroidManifest.xml:47:19-48
28        </intent>
29        <!-- Needs to be explicitly declared on Android R+ -->
30        <package android:name="com.google.android.apps.maps" />
30-->[com.google.android.gms:play-services-maps:18.2.0] AndroidManifest.xml:33:9-64
30-->[com.google.android.gms:play-services-maps:18.2.0] AndroidManifest.xml:33:18-61
31    </queries>
32    <!-- Include required permissions for Google Maps API to run. -->
33    <uses-permission android:name="android.permission.ACCESS_NETWORK_STATE" />
33-->[com.google.android.gms:play-services-maps:18.2.0] AndroidManifest.xml:23:5-79
33-->[com.google.android.gms:play-services-maps:18.2.0] AndroidManifest.xml:23:22-76
34
35    <uses-feature
35-->[com.google.android.gms:play-services-maps:18.2.0] AndroidManifest.xml:26:5-28:35
36        android:glEsVersion="0x00020000"
36-->[com.google.android.gms:play-services-maps:18.2.0] AndroidManifest.xml:27:9-41
37        android:required="true" />
37-->[com.google.android.gms:play-services-maps:18.2.0] AndroidManifest.xml:28:9-32
38
39    <permission
39-->[androidx.core:core:1.13.1] AndroidManifest.xml:22:5-24:47
40        android:name="com.example.tapps.DYNAMIC_RECEIVER_NOT_EXPORTED_PERMISSION"
40-->[androidx.core:core:1.13.1] AndroidManifest.xml:23:9-81
41        android:protectionLevel="signature" />
41-->[androidx.core:core:1.13.1] AndroidManifest.xml:24:9-44
42
43    <uses-permission android:name="com.example.tapps.DYNAMIC_RECEIVER_NOT_EXPORTED_PERMISSION" />
43-->[androidx.core:core:1.13.1] AndroidManifest.xml:26:5-97
43-->[androidx.core:core:1.13.1] AndroidManifest.xml:26:22-94
44
45    <application
46        android:name="android.app.Application"
46-->src/main/AndroidManifest.xml:9:9-42
47        android:appComponentFactory="androidx.core.app.CoreComponentFactory"
47-->[androidx.core:core:1.13.1] AndroidManifest.xml:28:18-86
48        android:extractNativeLibs="true"
49        android:icon="@mipmap/ic_launcher"
49-->src/main/AndroidManifest.xml:10:9-43
50        android:label="Tapps" >
50-->src/main/AndroidManifest.xml:8:9-30
51        <activity
51-->src/main/AndroidManifest.xml:11:9-32:20
52            android:name="com.example.tapps.MainActivity"
52-->src/main/AndroidManifest.xml:12:13-41
53            android:configChanges="orientation|keyboardHidden|keyboard|screenSize|smallestScreenSize|locale|layoutDirection|fontScale|screenLayout|density|uiMode"
53-->src/main/AndroidManifest.xml:17:13-163
54            android:exported="true"
54-->src/main/AndroidManifest.xml:13:13-36
55            android:hardwareAccelerated="true"
55-->src/main/AndroidManifest.xml:18:13-47
56            android:launchMode="singleTop"
56-->src/main/AndroidManifest.xml:14:13-43
57            android:taskAffinity=""
57-->src/main/AndroidManifest.xml:15:13-36
58            android:theme="@style/LaunchTheme"
58-->src/main/AndroidManifest.xml:16:13-47
59            android:windowSoftInputMode="adjustResize" >
59-->src/main/AndroidManifest.xml:19:13-55
60
61            <!--
62                 Specifies an Android theme to apply to this Activity as soon as
63                 the Android process has started. This theme is visible to the user
64                 while the Flutter UI initializes. After that, this theme continues
65                 to determine the Window background behind the Flutter UI.
66            -->
67            <meta-data
67-->src/main/AndroidManifest.xml:24:13-27:17
68                android:name="io.flutter.embedding.android.NormalTheme"
68-->src/main/AndroidManifest.xml:25:15-70
69                android:resource="@style/NormalTheme" />
69-->src/main/AndroidManifest.xml:26:15-52
70
71            <intent-filter>
71-->src/main/AndroidManifest.xml:28:13-31:29
72                <action android:name="android.intent.action.MAIN" />
72-->src/main/AndroidManifest.xml:29:17-68
72-->src/main/AndroidManifest.xml:29:25-66
73
74                <category android:name="android.intent.category.LAUNCHER" />
74-->src/main/AndroidManifest.xml:30:17-76
74-->src/main/AndroidManifest.xml:30:27-74
75            </intent-filter>
76        </activity>
77        <!--
78             Don't delete the meta-data below.
79             This is used by the Flutter tool to generate GeneratedPluginRegistrant.java
80        -->
81        <meta-data
81-->src/main/AndroidManifest.xml:35:9-37:33
82            android:name="flutterEmbedding"
82-->src/main/AndroidManifest.xml:36:13-44
83            android:value="2" />
83-->src/main/AndroidManifest.xml:37:13-30
84
85        <service
85-->[:cloud_firestore] AndroidManifest.xml:8:9-12:19
86            android:name="com.google.firebase.components.ComponentDiscoveryService"
86-->[:cloud_firestore] AndroidManifest.xml:8:18-89
87            android:directBootAware="true"
87-->[com.google.firebase:firebase-common:20.4.3] AndroidManifest.xml:32:13-43
88            android:exported="false" >
88-->[com.google.firebase:firebase-firestore:24.11.0] AndroidManifest.xml:16:13-37
89            <meta-data
89-->[:cloud_firestore] AndroidManifest.xml:9:13-11:85
90                android:name="com.google.firebase.components:io.flutter.plugins.firebase.firestore.FlutterFirebaseFirestoreRegistrar"
90-->[:cloud_firestore] AndroidManifest.xml:10:17-134
91                android:value="com.google.firebase.components.ComponentRegistrar" />
91-->[:cloud_firestore] AndroidManifest.xml:11:17-82
92            <meta-data
92-->[:firebase_database] AndroidManifest.xml:9:13-11:85
93                android:name="com.google.firebase.components:io.flutter.plugins.firebase.database.FlutterFirebaseAppRegistrar"
93-->[:firebase_database] AndroidManifest.xml:10:17-127
94                android:value="com.google.firebase.components.ComponentRegistrar" />
94-->[:firebase_database] AndroidManifest.xml:11:17-82
95            <meta-data
95-->[:firebase_core] AndroidManifest.xml:9:13-11:85
96                android:name="com.google.firebase.components:io.flutter.plugins.firebase.core.FlutterFirebaseCoreRegistrar"
96-->[:firebase_core] AndroidManifest.xml:10:17-124
97                android:value="com.google.firebase.components.ComponentRegistrar" />
97-->[:firebase_core] AndroidManifest.xml:11:17-82
98            <meta-data
98-->[com.google.firebase:firebase-firestore:24.11.0] AndroidManifest.xml:17:13-19:85
99                android:name="com.google.firebase.components:com.google.firebase.firestore.FirebaseFirestoreKtxRegistrar"
99-->[com.google.firebase:firebase-firestore:24.11.0] AndroidManifest.xml:18:17-122
100                android:value="com.google.firebase.components.ComponentRegistrar" />
100-->[com.google.firebase:firebase-firestore:24.11.0] AndroidManifest.xml:19:17-82
101            <meta-data
101-->[com.google.firebase:firebase-firestore:24.11.0] AndroidManifest.xml:20:13-22:85
102                android:name="com.google.firebase.components:com.google.firebase.firestore.FirestoreRegistrar"
102-->[com.google.firebase:firebase-firestore:24.11.0] AndroidManifest.xml:21:17-111
103                android:value="com.google.firebase.components.ComponentRegistrar" />
103-->[com.google.firebase:firebase-firestore:24.11.0] AndroidManifest.xml:22:17-82
104            <meta-data
104-->[com.google.firebase:firebase-database:20.3.1] AndroidManifest.xml:29:13-31:85
105                android:name="com.google.firebase.components:com.google.firebase.database.FirebaseDatabaseKtxRegistrar"
105-->[com.google.firebase:firebase-database:20.3.1] AndroidManifest.xml:30:17-120
106                android:value="com.google.firebase.components.ComponentRegistrar" />
106-->[com.google.firebase:firebase-database:20.3.1] AndroidManifest.xml:31:17-82
107            <meta-data
107-->[com.google.firebase:firebase-database:20.3.1] AndroidManifest.xml:32:13-34:85
108                android:name="com.google.firebase.components:com.google.firebase.database.DatabaseRegistrar"
108-->[com.google.firebase:firebase-database:20.3.1] AndroidManifest.xml:33:17-109
109                android:value="com.google.firebase.components.ComponentRegistrar" />
109-->[com.google.firebase:firebase-database:20.3.1] AndroidManifest.xml:34:17-82
110            <meta-data
110-->[com.google.firebase:firebase-common-ktx:20.4.3] AndroidManifest.xml:12:13-14:85
111                android:name="com.google.firebase.components:com.google.firebase.ktx.FirebaseCommonLegacyRegistrar"
111-->[com.google.firebase:firebase-common-ktx:20.4.3] AndroidManifest.xml:13:17-116
112                android:value="com.google.firebase.components.ComponentRegistrar" />
112-->[com.google.firebase:firebase-common-ktx:20.4.3] AndroidManifest.xml:14:17-82
113            <meta-data
113-->[com.google.firebase:firebase-common:20.4.3] AndroidManifest.xml:35:13-37:85
114                android:name="com.google.firebase.components:com.google.firebase.FirebaseCommonKtxRegistrar"
114-->[com.google.firebase:firebase-common:20.4.3] AndroidManifest.xml:36:17-109
115                android:value="com.google.firebase.components.ComponentRegistrar" />
115-->[com.google.firebase:firebase-common:20.4.3] AndroidManifest.xml:37:17-82
116        </service>
117        <service
117-->[:geolocator_android] AndroidManifest.xml:8:9-12:56
118            android:name="com.baseflow.geolocator.GeolocatorLocationService"
118-->[:geolocator_android] AndroidManifest.xml:9:13-77
119            android:enabled="true"
119-->[:geolocator_android] AndroidManifest.xml:10:13-35
120            android:exported="false"
120-->[:geolocator_android] AndroidManifest.xml:11:13-37
121            android:foregroundServiceType="location" />
121-->[:geolocator_android] AndroidManifest.xml:12:13-53
122        <service
122-->[:location] AndroidManifest.xml:11:9-15:56
123            android:name="com.lyokone.location.FlutterLocationService"
123-->[:location] AndroidManifest.xml:12:13-71
124            android:enabled="true"
124-->[:location] AndroidManifest.xml:13:13-35
125            android:exported="false"
125-->[:location] AndroidManifest.xml:14:13-37
126            android:foregroundServiceType="location" />
126-->[:location] AndroidManifest.xml:15:13-53
127
128        <activity
128-->[:url_launcher_android] AndroidManifest.xml:8:9-11:74
129            android:name="io.flutter.plugins.urllauncher.WebViewActivity"
129-->[:url_launcher_android] AndroidManifest.xml:9:13-74
130            android:exported="false"
130-->[:url_launcher_android] AndroidManifest.xml:10:13-37
131            android:theme="@android:style/Theme.NoTitleBar.Fullscreen" />
131-->[:url_launcher_android] AndroidManifest.xml:11:13-71
132
133        <uses-library
133-->[androidx.window:window:1.2.0] AndroidManifest.xml:23:9-25:40
134            android:name="androidx.window.extensions"
134-->[androidx.window:window:1.2.0] AndroidManifest.xml:24:13-54
135            android:required="false" />
135-->[androidx.window:window:1.2.0] AndroidManifest.xml:25:13-37
136        <uses-library
136-->[androidx.window:window:1.2.0] AndroidManifest.xml:26:9-28:40
137            android:name="androidx.window.sidecar"
137-->[androidx.window:window:1.2.0] AndroidManifest.xml:27:13-51
138            android:required="false" /> <!-- Needs to be explicitly declared on P+ -->
138-->[androidx.window:window:1.2.0] AndroidManifest.xml:28:13-37
139        <uses-library
139-->[com.google.android.gms:play-services-maps:18.2.0] AndroidManifest.xml:39:9-41:40
140            android:name="org.apache.http.legacy"
140-->[com.google.android.gms:play-services-maps:18.2.0] AndroidManifest.xml:40:13-50
141            android:required="false" />
141-->[com.google.android.gms:play-services-maps:18.2.0] AndroidManifest.xml:41:13-37
142
143        <activity
143-->[com.google.android.gms:play-services-base:18.3.0] AndroidManifest.xml:20:9-22:45
144            android:name="com.google.android.gms.common.api.GoogleApiActivity"
144-->[com.google.android.gms:play-services-base:18.3.0] AndroidManifest.xml:20:19-85
145            android:exported="false"
145-->[com.google.android.gms:play-services-base:18.3.0] AndroidManifest.xml:22:19-43
146            android:theme="@android:style/Theme.Translucent.NoTitleBar" />
146-->[com.google.android.gms:play-services-base:18.3.0] AndroidManifest.xml:21:19-78
147
148        <provider
148-->[com.google.firebase:firebase-common:20.4.3] AndroidManifest.xml:23:9-28:39
149            android:name="com.google.firebase.provider.FirebaseInitProvider"
149-->[com.google.firebase:firebase-common:20.4.3] AndroidManifest.xml:24:13-77
150            android:authorities="com.example.tapps.firebaseinitprovider"
150-->[com.google.firebase:firebase-common:20.4.3] AndroidManifest.xml:25:13-72
151            android:directBootAware="true"
151-->[com.google.firebase:firebase-common:20.4.3] AndroidManifest.xml:26:13-43
152            android:exported="false"
152-->[com.google.firebase:firebase-common:20.4.3] AndroidManifest.xml:27:13-37
153            android:initOrder="100" />
153-->[com.google.firebase:firebase-common:20.4.3] AndroidManifest.xml:28:13-36
154
155        <meta-data
155-->[com.google.android.gms:play-services-basement:18.3.0] AndroidManifest.xml:21:9-23:69
156            android:name="com.google.android.gms.version"
156-->[com.google.android.gms:play-services-basement:18.3.0] AndroidManifest.xml:22:13-58
157            android:value="@integer/google_play_services_version" />
157-->[com.google.android.gms:play-services-basement:18.3.0] AndroidManifest.xml:23:13-66
158
159        <provider
159-->[androidx.lifecycle:lifecycle-process:2.7.0] AndroidManifest.xml:24:9-32:20
160            android:name="androidx.startup.InitializationProvider"
160-->[androidx.lifecycle:lifecycle-process:2.7.0] AndroidManifest.xml:25:13-67
161            android:authorities="com.example.tapps.androidx-startup"
161-->[androidx.lifecycle:lifecycle-process:2.7.0] AndroidManifest.xml:26:13-68
162            android:exported="false" >
162-->[androidx.lifecycle:lifecycle-process:2.7.0] AndroidManifest.xml:27:13-37
163            <meta-data
163-->[androidx.lifecycle:lifecycle-process:2.7.0] AndroidManifest.xml:29:13-31:52
164                android:name="androidx.lifecycle.ProcessLifecycleInitializer"
164-->[androidx.lifecycle:lifecycle-process:2.7.0] AndroidManifest.xml:30:17-78
165                android:value="androidx.startup" />
165-->[androidx.lifecycle:lifecycle-process:2.7.0] AndroidManifest.xml:31:17-49
166            <meta-data
166-->[androidx.profileinstaller:profileinstaller:1.3.1] AndroidManifest.xml:29:13-31:52
167                android:name="androidx.profileinstaller.ProfileInstallerInitializer"
167-->[androidx.profileinstaller:profileinstaller:1.3.1] AndroidManifest.xml:30:17-85
168                android:value="androidx.startup" />
168-->[androidx.profileinstaller:profileinstaller:1.3.1] AndroidManifest.xml:31:17-49
169        </provider>
170
171        <receiver
171-->[androidx.profileinstaller:profileinstaller:1.3.1] AndroidManifest.xml:34:9-52:20
172            android:name="androidx.profileinstaller.ProfileInstallReceiver"
172-->[androidx.profileinstaller:profileinstaller:1.3.1] AndroidManifest.xml:35:13-76
173            android:directBootAware="false"
173-->[androidx.profileinstaller:profileinstaller:1.3.1] AndroidManifest.xml:36:13-44
174            android:enabled="true"
174-->[androidx.profileinstaller:profileinstaller:1.3.1] AndroidManifest.xml:37:13-35
175            android:exported="true"
175-->[androidx.profileinstaller:profileinstaller:1.3.1] AndroidManifest.xml:38:13-36
176            android:permission="android.permission.DUMP" >
176-->[androidx.profileinstaller:profileinstaller:1.3.1] AndroidManifest.xml:39:13-57
177            <intent-filter>
177-->[androidx.profileinstaller:profileinstaller:1.3.1] AndroidManifest.xml:40:13-42:29
178                <action android:name="androidx.profileinstaller.action.INSTALL_PROFILE" />
178-->[androidx.profileinstaller:profileinstaller:1.3.1] AndroidManifest.xml:41:17-91
178-->[androidx.profileinstaller:profileinstaller:1.3.1] AndroidManifest.xml:41:25-88
179            </intent-filter>
180            <intent-filter>
180-->[androidx.profileinstaller:profileinstaller:1.3.1] AndroidManifest.xml:43:13-45:29
181                <action android:name="androidx.profileinstaller.action.SKIP_FILE" />
181-->[androidx.profileinstaller:profileinstaller:1.3.1] AndroidManifest.xml:44:17-85
181-->[androidx.profileinstaller:profileinstaller:1.3.1] AndroidManifest.xml:44:25-82
182            </intent-filter>
183            <intent-filter>
183-->[androidx.profileinstaller:profileinstaller:1.3.1] AndroidManifest.xml:46:13-48:29
184                <action android:name="androidx.profileinstaller.action.SAVE_PROFILE" />
184-->[androidx.profileinstaller:profileinstaller:1.3.1] AndroidManifest.xml:47:17-88
184-->[androidx.profileinstaller:profileinstaller:1.3.1] AndroidManifest.xml:47:25-85
185            </intent-filter>
186            <intent-filter>
186-->[androidx.profileinstaller:profileinstaller:1.3.1] AndroidManifest.xml:49:13-51:29
187                <action android:name="androidx.profileinstaller.action.BENCHMARK_OPERATION" />
187-->[androidx.profileinstaller:profileinstaller:1.3.1] AndroidManifest.xml:50:17-95
187-->[androidx.profileinstaller:profileinstaller:1.3.1] AndroidManifest.xml:50:25-92
188            </intent-filter>
189        </receiver>
190    </application>
191
192</manifest>